Job group2.job2 threw an unhandled Exception: 
java.lang.NullPointerException: null
	at com.yizhan.job.JavaTask.canStart(JavaTask.java:135)
	at com.yizhan.job.JavaTask.execute(JavaTask.java:49)
	at org.quartz.core.JobRunShell.run(JobRunShell.java:202)
	at org.quartz.simpl.SimpleThreadPool$WorkerThread.run(SimpleThreadPool.java:573)
Job (group2.job2 threw an exception.
org.quartz.SchedulerException: Job threw an unhandled exception.
	at org.quartz.core.JobRunShell.run(JobRunShell.java:213)
	at org.quartz.simpl.SimpleThreadPool$WorkerThread.run(SimpleThreadPool.java:573)
Caused by: java.lang.NullPointerException: null
	at com.yizhan.job.JavaTask.canStart(JavaTask.java:135)
	at com.yizhan.job.JavaTask.execute(JavaTask.java:49)
	at org.quartz.core.JobRunShell.run(JobRunShell.java:202)
	... 1 common frames omitted
Error while executing the Runnable: 
java.lang.IllegalStateException: JobStore is shutdown - aborting retry
	at org.quartz.impl.jdbcjobstore.JobStoreSupport.retryExecuteInNonManagedTXLock(JobStoreSupport.java:3772)
	at org.quartz.impl.jdbcjobstore.JobStoreSupport.triggeredJobComplete(JobStoreSupport.java:3055)
	at org.quartz.core.QuartzScheduler.notifyJobStoreJobComplete(QuartzScheduler.java:1804)
	at org.quartz.core.JobRunShell.run(JobRunShell.java:269)
	at org.quartz.simpl.SimpleThreadPool$WorkerThread.run(SimpleThreadPool.java:573)
Job group2.job2 threw an unhandled Exception: 
java.lang.NullPointerException: null
	at com.yizhan.job.JavaTask.canStart(JavaTask.java:135)
	at com.yizhan.job.JavaTask.execute(JavaTask.java:49)
	at org.quartz.core.JobRunShell.run(JobRunShell.java:202)
	at org.quartz.simpl.SimpleThreadPool$WorkerThread.run(SimpleThreadPool.java:573)
Job (group2.job2 threw an exception.
org.quartz.SchedulerException: Job threw an unhandled exception.
	at org.quartz.core.JobRunShell.run(JobRunShell.java:213)
	at org.quartz.simpl.SimpleThreadPool$WorkerThread.run(SimpleThreadPool.java:573)
Caused by: java.lang.NullPointerException: null
	at com.yizhan.job.JavaTask.canStart(JavaTask.java:135)
	at com.yizhan.job.JavaTask.execute(JavaTask.java:49)
	at org.quartz.core.JobRunShell.run(JobRunShell.java:202)
	... 1 common frames omitted
Job group2.job2 threw an unhandled Exception: 
java.lang.NullPointerException: null
	at com.yizhan.job.JavaTask.canStart(JavaTask.java:135)
	at com.yizhan.job.JavaTask.execute(JavaTask.java:49)
	at org.quartz.core.JobRunShell.run(JobRunShell.java:202)
	at org.quartz.simpl.SimpleThreadPool$WorkerThread.run(SimpleThreadPool.java:573)
Job (group2.job2 threw an exception.
org.quartz.SchedulerException: Job threw an unhandled exception.
	at org.quartz.core.JobRunShell.run(JobRunShell.java:213)
	at org.quartz.simpl.SimpleThreadPool$WorkerThread.run(SimpleThreadPool.java:573)
Caused by: java.lang.NullPointerException: null
	at com.yizhan.job.JavaTask.canStart(JavaTask.java:135)
	at com.yizhan.job.JavaTask.execute(JavaTask.java:49)
	at org.quartz.core.JobRunShell.run(JobRunShell.java:202)
	... 1 common frames omitted
Job group2.job2 threw an unhandled Exception: 
java.lang.NullPointerException: null
	at com.yizhan.job.JavaTask.canStart(JavaTask.java:135)
	at com.yizhan.job.JavaTask.execute(JavaTask.java:49)
	at org.quartz.core.JobRunShell.run(JobRunShell.java:202)
	at org.quartz.simpl.SimpleThreadPool$WorkerThread.run(SimpleThreadPool.java:573)
Job (group2.job2 threw an exception.
org.quartz.SchedulerException: Job threw an unhandled exception.
	at org.quartz.core.JobRunShell.run(JobRunShell.java:213)
	at org.quartz.simpl.SimpleThreadPool$WorkerThread.run(SimpleThreadPool.java:573)
Caused by: java.lang.NullPointerException: null
	at com.yizhan.job.JavaTask.canStart(JavaTask.java:135)
	at com.yizhan.job.JavaTask.execute(JavaTask.java:49)
	at org.quartz.core.JobRunShell.run(JobRunShell.java:202)
	... 1 common frames omitted
Job group2.job2 threw an unhandled Exception: 
java.lang.NullPointerException: null
	at com.yizhan.job.JavaTask.canStart(JavaTask.java:135)
	at com.yizhan.job.JavaTask.execute(JavaTask.java:49)
	at org.quartz.core.JobRunShell.run(JobRunShell.java:202)
	at org.quartz.simpl.SimpleThreadPool$WorkerThread.run(SimpleThreadPool.java:573)
Job (group2.job2 threw an exception.
org.quartz.SchedulerException: Job threw an unhandled exception.
	at org.quartz.core.JobRunShell.run(JobRunShell.java:213)
	at org.quartz.simpl.SimpleThreadPool$WorkerThread.run(SimpleThreadPool.java:573)
Caused by: java.lang.NullPointerException: null
	at com.yizhan.job.JavaTask.canStart(JavaTask.java:135)
	at com.yizhan.job.JavaTask.execute(JavaTask.java:49)
	at org.quartz.core.JobRunShell.run(JobRunShell.java:202)
	... 1 common frames omitted
Job group2.job2 threw an unhandled Exception: 
java.lang.NullPointerException: null
	at com.yizhan.job.JavaTask.canStart(JavaTask.java:135)
	at com.yizhan.job.JavaTask.execute(JavaTask.java:49)
	at org.quartz.core.JobRunShell.run(JobRunShell.java:202)
	at org.quartz.simpl.SimpleThreadPool$WorkerThread.run(SimpleThreadPool.java:573)
Job (group2.job2 threw an exception.
org.quartz.SchedulerException: Job threw an unhandled exception.
	at org.quartz.core.JobRunShell.run(JobRunShell.java:213)
	at org.quartz.simpl.SimpleThreadPool$WorkerThread.run(SimpleThreadPool.java:573)
Caused by: java.lang.NullPointerException: null
	at com.yizhan.job.JavaTask.canStart(JavaTask.java:135)
	at com.yizhan.job.JavaTask.execute(JavaTask.java:49)
	at org.quartz.core.JobRunShell.run(JobRunShell.java:202)
	... 1 common frames omitted
Job group2.job2 threw an unhandled Exception: 
java.lang.NullPointerException: null
	at com.yizhan.job.JavaTask.canStart(JavaTask.java:135)
	at com.yizhan.job.JavaTask.execute(JavaTask.java:49)
	at org.quartz.core.JobRunShell.run(JobRunShell.java:202)
	at org.quartz.simpl.SimpleThreadPool$WorkerThread.run(SimpleThreadPool.java:573)
Job (group2.job2 threw an exception.
org.quartz.SchedulerException: Job threw an unhandled exception.
	at org.quartz.core.JobRunShell.run(JobRunShell.java:213)
	at org.quartz.simpl.SimpleThreadPool$WorkerThread.run(SimpleThreadPool.java:573)
Caused by: java.lang.NullPointerException: null
	at com.yizhan.job.JavaTask.canStart(JavaTask.java:135)
	at com.yizhan.job.JavaTask.execute(JavaTask.java:49)
	at org.quartz.core.JobRunShell.run(JobRunShell.java:202)
	... 1 common frames omitted
Job group2.job2 threw an unhandled Exception: 
java.lang.NullPointerException: null
	at com.yizhan.job.JavaTask.canStart(JavaTask.java:135)
	at com.yizhan.job.JavaTask.execute(JavaTask.java:49)
	at org.quartz.core.JobRunShell.run(JobRunShell.java:202)
	at org.quartz.simpl.SimpleThreadPool$WorkerThread.run(SimpleThreadPool.java:573)
Job (group2.job2 threw an exception.
org.quartz.SchedulerException: Job threw an unhandled exception.
	at org.quartz.core.JobRunShell.run(JobRunShell.java:213)
	at org.quartz.simpl.SimpleThreadPool$WorkerThread.run(SimpleThreadPool.java:573)
Caused by: java.lang.NullPointerException: null
	at com.yizhan.job.JavaTask.canStart(JavaTask.java:135)
	at com.yizhan.job.JavaTask.execute(JavaTask.java:49)
	at org.quartz.core.JobRunShell.run(JobRunShell.java:202)
	... 1 common frames omitted
Job group2.job2 threw an unhandled Exception: 
java.lang.NullPointerException: null
	at com.yizhan.job.JavaTask.canStart(JavaTask.java:135)
	at com.yizhan.job.JavaTask.execute(JavaTask.java:49)
	at org.quartz.core.JobRunShell.run(JobRunShell.java:202)
	at org.quartz.simpl.SimpleThreadPool$WorkerThread.run(SimpleThreadPool.java:573)
Job (group2.job2 threw an exception.
org.quartz.SchedulerException: Job threw an unhandled exception.
	at org.quartz.core.JobRunShell.run(JobRunShell.java:213)
	at org.quartz.simpl.SimpleThreadPool$WorkerThread.run(SimpleThreadPool.java:573)
Caused by: java.lang.NullPointerException: null
	at com.yizhan.job.JavaTask.canStart(JavaTask.java:135)
	at com.yizhan.job.JavaTask.execute(JavaTask.java:49)
	at org.quartz.core.JobRunShell.run(JobRunShell.java:202)
	... 1 common frames omitted
Job group2.job2 threw an unhandled Exception: 
java.lang.NullPointerException: null
	at com.yizhan.job.JavaTask.canStart(JavaTask.java:135)
	at com.yizhan.job.JavaTask.execute(JavaTask.java:49)
	at org.quartz.core.JobRunShell.run(JobRunShell.java:202)
	at org.quartz.simpl.SimpleThreadPool$WorkerThread.run(SimpleThreadPool.java:573)
Job (group2.job2 threw an exception.
org.quartz.SchedulerException: Job threw an unhandled exception.
	at org.quartz.core.JobRunShell.run(JobRunShell.java:213)
	at org.quartz.simpl.SimpleThreadPool$WorkerThread.run(SimpleThreadPool.java:573)
Caused by: java.lang.NullPointerException: null
	at com.yizhan.job.JavaTask.canStart(JavaTask.java:135)
	at com.yizhan.job.JavaTask.execute(JavaTask.java:49)
	at org.quartz.core.JobRunShell.run(JobRunShell.java:202)
	... 1 common frames omitted
Job group2.job2 threw an unhandled Exception: 
java.lang.NullPointerException: null
	at com.yizhan.job.JavaTask.canStart(JavaTask.java:135)
	at com.yizhan.job.JavaTask.execute(JavaTask.java:49)
	at org.quartz.core.JobRunShell.run(JobRunShell.java:202)
	at org.quartz.simpl.SimpleThreadPool$WorkerThread.run(SimpleThreadPool.java:573)
Job (group2.job2 threw an exception.
org.quartz.SchedulerException: Job threw an unhandled exception.
	at org.quartz.core.JobRunShell.run(JobRunShell.java:213)
	at org.quartz.simpl.SimpleThreadPool$WorkerThread.run(SimpleThreadPool.java:573)
Caused by: java.lang.NullPointerException: null
	at com.yizhan.job.JavaTask.canStart(JavaTask.java:135)
	at com.yizhan.job.JavaTask.execute(JavaTask.java:49)
	at org.quartz.core.JobRunShell.run(JobRunShell.java:202)
	... 1 common frames omitted
Job group2.job2 threw an unhandled Exception: 
java.lang.NullPointerException: null
	at com.yizhan.job.JavaTask.canStart(JavaTask.java:135)
	at com.yizhan.job.JavaTask.execute(JavaTask.java:49)
	at org.quartz.core.JobRunShell.run(JobRunShell.java:202)
	at org.quartz.simpl.SimpleThreadPool$WorkerThread.run(SimpleThreadPool.java:573)
Job (group2.job2 threw an exception.
org.quartz.SchedulerException: Job threw an unhandled exception.
	at org.quartz.core.JobRunShell.run(JobRunShell.java:213)
	at org.quartz.simpl.SimpleThreadPool$WorkerThread.run(SimpleThreadPool.java:573)
Caused by: java.lang.NullPointerException: null
	at com.yizhan.job.JavaTask.canStart(JavaTask.java:135)
	at com.yizhan.job.JavaTask.execute(JavaTask.java:49)
	at org.quartz.core.JobRunShell.run(JobRunShell.java:202)
	... 1 common frames omitted
Job group2.job2 threw an unhandled Exception: 
java.lang.NullPointerException: null
	at com.yizhan.job.JavaTask.canStart(JavaTask.java:135)
	at com.yizhan.job.JavaTask.execute(JavaTask.java:49)
	at org.quartz.core.JobRunShell.run(JobRunShell.java:202)
	at org.quartz.simpl.SimpleThreadPool$WorkerThread.run(SimpleThreadPool.java:573)
Job (group2.job2 threw an exception.
org.quartz.SchedulerException: Job threw an unhandled exception.
	at org.quartz.core.JobRunShell.run(JobRunShell.java:213)
	at org.quartz.simpl.SimpleThreadPool$WorkerThread.run(SimpleThreadPool.java:573)
Caused by: java.lang.NullPointerException: null
	at com.yizhan.job.JavaTask.canStart(JavaTask.java:135)
	at com.yizhan.job.JavaTask.execute(JavaTask.java:49)
	at org.quartz.core.JobRunShell.run(JobRunShell.java:202)
	... 1 common frames omitted
Job group2.job2 threw an unhandled Exception: 
java.lang.NullPointerException: null
	at com.yizhan.job.JavaTask.canStart(JavaTask.java:135)
	at com.yizhan.job.JavaTask.execute(JavaTask.java:49)
	at org.quartz.core.JobRunShell.run(JobRunShell.java:202)
	at org.quartz.simpl.SimpleThreadPool$WorkerThread.run(SimpleThreadPool.java:573)
Job (group2.job2 threw an exception.
org.quartz.SchedulerException: Job threw an unhandled exception.
	at org.quartz.core.JobRunShell.run(JobRunShell.java:213)
	at org.quartz.simpl.SimpleThreadPool$WorkerThread.run(SimpleThreadPool.java:573)
Caused by: java.lang.NullPointerException: null
	at com.yizhan.job.JavaTask.canStart(JavaTask.java:135)
	at com.yizhan.job.JavaTask.execute(JavaTask.java:49)
	at org.quartz.core.JobRunShell.run(JobRunShell.java:202)
	... 1 common frames omitted
Job group2.job2 threw an unhandled Exception: 
java.lang.NullPointerException: null
	at com.yizhan.job.JavaTask.canStart(JavaTask.java:135)
	at com.yizhan.job.JavaTask.execute(JavaTask.java:49)
	at org.quartz.core.JobRunShell.run(JobRunShell.java:202)
	at org.quartz.simpl.SimpleThreadPool$WorkerThread.run(SimpleThreadPool.java:573)
Job (group2.job2 threw an exception.
org.quartz.SchedulerException: Job threw an unhandled exception.
	at org.quartz.core.JobRunShell.run(JobRunShell.java:213)
	at org.quartz.simpl.SimpleThreadPool$WorkerThread.run(SimpleThreadPool.java:573)
Caused by: java.lang.NullPointerException: null
	at com.yizhan.job.JavaTask.canStart(JavaTask.java:135)
	at com.yizhan.job.JavaTask.execute(JavaTask.java:49)
	at org.quartz.core.JobRunShell.run(JobRunShell.java:202)
	... 1 common frames omitted
Job group2.job2 threw an unhandled Exception: 
java.lang.NullPointerException: null
	at com.yizhan.job.JavaTask.canStart(JavaTask.java:135)
	at com.yizhan.job.JavaTask.execute(JavaTask.java:49)
	at org.quartz.core.JobRunShell.run(JobRunShell.java:202)
	at org.quartz.simpl.SimpleThreadPool$WorkerThread.run(SimpleThreadPool.java:573)
Job (group2.job2 threw an exception.
org.quartz.SchedulerException: Job threw an unhandled exception.
	at org.quartz.core.JobRunShell.run(JobRunShell.java:213)
	at org.quartz.simpl.SimpleThreadPool$WorkerThread.run(SimpleThreadPool.java:573)
Caused by: java.lang.NullPointerException: null
	at com.yizhan.job.JavaTask.canStart(JavaTask.java:135)
	at com.yizhan.job.JavaTask.execute(JavaTask.java:49)
	at org.quartz.core.JobRunShell.run(JobRunShell.java:202)
	... 1 common frames omitted
Job group2.job2 threw an unhandled Exception: 
java.lang.NullPointerException: null
	at com.yizhan.job.JavaTask.canStart(JavaTask.java:135)
	at com.yizhan.job.JavaTask.execute(JavaTask.java:49)
	at org.quartz.core.JobRunShell.run(JobRunShell.java:202)
	at org.quartz.simpl.SimpleThreadPool$WorkerThread.run(SimpleThreadPool.java:573)
Job (group2.job2 threw an exception.
org.quartz.SchedulerException: Job threw an unhandled exception.
	at org.quartz.core.JobRunShell.run(JobRunShell.java:213)
	at org.quartz.simpl.SimpleThreadPool$WorkerThread.run(SimpleThreadPool.java:573)
Caused by: java.lang.NullPointerException: null
	at com.yizhan.job.JavaTask.canStart(JavaTask.java:135)
	at com.yizhan.job.JavaTask.execute(JavaTask.java:49)
	at org.quartz.core.JobRunShell.run(JobRunShell.java:202)
	... 1 common frames omitted
Job group2.job2 threw an unhandled Exception: 
java.lang.NullPointerException: null
	at com.yizhan.job.JavaTask.canStart(JavaTask.java:135)
	at com.yizhan.job.JavaTask.execute(JavaTask.java:49)
	at org.quartz.core.JobRunShell.run(JobRunShell.java:202)
	at org.quartz.simpl.SimpleThreadPool$WorkerThread.run(SimpleThreadPool.java:573)
Job (group2.job2 threw an exception.
org.quartz.SchedulerException: Job threw an unhandled exception.
	at org.quartz.core.JobRunShell.run(JobRunShell.java:213)
	at org.quartz.simpl.SimpleThreadPool$WorkerThread.run(SimpleThreadPool.java:573)
Caused by: java.lang.NullPointerException: null
	at com.yizhan.job.JavaTask.canStart(JavaTask.java:135)
	at com.yizhan.job.JavaTask.execute(JavaTask.java:49)
	at org.quartz.core.JobRunShell.run(JobRunShell.java:202)
	... 1 common frames omitted
Job group2.job2 threw an unhandled Exception: 
java.lang.NullPointerException: null
	at com.yizhan.job.JavaTask.canStart(JavaTask.java:135)
	at com.yizhan.job.JavaTask.execute(JavaTask.java:49)
	at org.quartz.core.JobRunShell.run(JobRunShell.java:202)
	at org.quartz.simpl.SimpleThreadPool$WorkerThread.run(SimpleThreadPool.java:573)
Job (group2.job2 threw an exception.
org.quartz.SchedulerException: Job threw an unhandled exception.
	at org.quartz.core.JobRunShell.run(JobRunShell.java:213)
	at org.quartz.simpl.SimpleThreadPool$WorkerThread.run(SimpleThreadPool.java:573)
Caused by: java.lang.NullPointerException: null
	at com.yizhan.job.JavaTask.canStart(JavaTask.java:135)
	at com.yizhan.job.JavaTask.execute(JavaTask.java:49)
	at org.quartz.core.JobRunShell.run(JobRunShell.java:202)
	... 1 common frames omitted
Couldn't rollback jdbc connection. Connection is closed
java.sql.SQLException: Connection is closed
	at com.zaxxer.hikari.pool.ProxyConnection$ClosedConnection.lambda$getClosedConnection$0(ProxyConnection.java:490)
	at com.sun.proxy.$Proxy73.rollback(Unknown Source)
	at com.zaxxer.hikari.pool.ProxyConnection.rollback(ProxyConnection.java:377)
	at com.zaxxer.hikari.pool.HikariProxyConnection.rollback(HikariProxyConnection.java)
	at sun.reflect.NativeMethodAccessorImpl.invoke0(Native Method)
	at sun.reflect.NativeMethodAccessorImpl.invoke(NativeMethodAccessorImpl.java:62)
	at sun.reflect.DelegatingMethodAccessorImpl.invoke(DelegatingMethodAccessorImpl.java:43)
	at java.lang.reflect.Method.invoke(Method.java:498)
	at org.quartz.impl.jdbcjobstore.AttributeRestoringConnectionInvocationHandler.invoke(AttributeRestoringConnectionInvocationHandler.java:73)
	at com.sun.proxy.$Proxy103.rollback(Unknown Source)
	at org.quartz.impl.jdbcjobstore.JobStoreSupport.rollbackConnection(JobStoreSupport.java:3666)
	at org.quartz.impl.jdbcjobstore.JobStoreSupport.executeInNonManagedTXLock(JobStoreSupport.java:3807)
	at org.quartz.impl.jdbcjobstore.JobStoreSupport.retryExecuteInNonManagedTXLock(JobStoreSupport.java:3758)
	at org.quartz.impl.jdbcjobstore.JobStoreSupport.releaseAcquiredTrigger(JobStoreSupport.java:2881)
	at org.quartz.core.QuartzSchedulerThread.releaseIfScheduleChangedSignificantly(QuartzSchedulerThread.java:432)
	at org.quartz.core.QuartzSchedulerThread.run(QuartzSchedulerThread.java:316)
Couldn't rollback jdbc connection. Connection is closed
java.sql.SQLException: Connection is closed
	at com.zaxxer.hikari.pool.ProxyConnection$ClosedConnection.lambda$getClosedConnection$0(ProxyConnection.java:490)
	at com.sun.proxy.$Proxy73.rollback(Unknown Source)
	at com.zaxxer.hikari.pool.ProxyConnection.rollback(ProxyConnection.java:377)
	at com.zaxxer.hikari.pool.HikariProxyConnection.rollback(HikariProxyConnection.java)
	at sun.reflect.NativeMethodAccessorImpl.invoke0(Native Method)
	at sun.reflect.NativeMethodAccessorImpl.invoke(NativeMethodAccessorImpl.java:62)
	at sun.reflect.DelegatingMethodAccessorImpl.invoke(DelegatingMethodAccessorImpl.java:43)
	at java.lang.reflect.Method.invoke(Method.java:498)
	at org.quartz.impl.jdbcjobstore.AttributeRestoringConnectionInvocationHandler.invoke(AttributeRestoringConnectionInvocationHandler.java:73)
	at com.sun.proxy.$Proxy103.rollback(Unknown Source)
	at org.quartz.impl.jdbcjobstore.JobStoreSupport.rollbackConnection(JobStoreSupport.java:3666)
	at org.quartz.impl.jdbcjobstore.JobStoreSupport.executeInNonManagedTXLock(JobStoreSupport.java:3825)
	at org.quartz.impl.jdbcjobstore.JobStoreSupport.retryExecuteInNonManagedTXLock(JobStoreSupport.java:3758)
	at org.quartz.impl.jdbcjobstore.JobStoreSupport.releaseAcquiredTrigger(JobStoreSupport.java:2881)
	at org.quartz.core.QuartzSchedulerThread.releaseIfScheduleChangedSignificantly(QuartzSchedulerThread.java:432)
	at org.quartz.core.QuartzSchedulerThread.run(QuartzSchedulerThread.java:316)
Job group1.job1 threw an unhandled Exception: 
java.lang.NullPointerException: null
	at com.yizhan.job.JavaTask.canStart(JavaTask.java:135)
	at com.yizhan.job.JavaTask.execute(JavaTask.java:49)
	at org.quartz.core.JobRunShell.run(JobRunShell.java:202)
	at org.quartz.simpl.SimpleThreadPool$WorkerThread.run(SimpleThreadPool.java:573)
Job (group1.job1 threw an exception.
org.quartz.SchedulerException: Job threw an unhandled exception.
	at org.quartz.core.JobRunShell.run(JobRunShell.java:213)
	at org.quartz.simpl.SimpleThreadPool$WorkerThread.run(SimpleThreadPool.java:573)
Caused by: java.lang.NullPointerException: null
	at com.yizhan.job.JavaTask.canStart(JavaTask.java:135)
	at com.yizhan.job.JavaTask.execute(JavaTask.java:49)
	at org.quartz.core.JobRunShell.run(JobRunShell.java:202)
	... 1 common frames omitted
Unable to notify JobListener(s) of Job that was executed: (error will be ignored). trigger= group1.job1 job= group1.job1
org.quartz.SchedulerException: JobListener 'JavaTaskListener' threw exception: null
	at org.quartz.core.QuartzScheduler.notifyJobListenersWasExecuted(QuartzScheduler.java:1987)
	at org.quartz.core.JobRunShell.notifyJobListenersComplete(JobRunShell.java:340)
	at org.quartz.core.JobRunShell.run(JobRunShell.java:224)
	at org.quartz.simpl.SimpleThreadPool$WorkerThread.run(SimpleThreadPool.java:573)
Caused by: java.lang.NullPointerException: null
	at com.yizhan.listener.JavaTaskListener.jobWasExecuted(JavaTaskListener.java:69)
	at org.quartz.core.QuartzScheduler.notifyJobListenersWasExecuted(QuartzScheduler.java:1985)
	... 3 common frames omitted
